WRN 2026-04-30T05:26:20.508 ?.19668    server_start:197: Failed to start server: operation not permitted: /var/folders/hn/49_cwftd6730x1zt1d0pwhcr0000gn/T/nvim.tsv/kYRyGv/nvim.19668.0
WRN 2026-04-30T05:26:49.997 ?.19695    server_start:197: Failed to start server: operation not permitted: /var/folders/hn/49_cwftd6730x1zt1d0pwhcr0000gn/T/nvim.tsv/E6LfXy/nvim.19695.0
WRN 2026-04-30T05:35:36.889 ?.22707    server_start:197: Failed to start server: operation not permitted: /var/folders/hn/49_cwftd6730x1zt1d0pwhcr0000gn/T/nvim.tsv/rE6VCa/nvim.22707.0
WRN 2026-04-30T05:35:53.874 ?.22716    server_start:197: Failed to start server: operation not permitted: /var/folders/hn/49_cwftd6730x1zt1d0pwhcr0000gn/T/nvim.tsv/1GnU6O/nvim.22716.0
WRN 2026-04-30T05:36:49.477 ?.23085    server_start:197: Failed to start server: operation not permitted: /var/folders/hn/49_cwftd6730x1zt1d0pwhcr0000gn/T/nvim.tsv/K5pwXI/nvim.23085.0
WRN 2026-04-30T05:36:49.509 ?.23086    server_start:197: Failed to start server: operation not permitted: /var/folders/hn/49_cwftd6730x1zt1d0pwhcr0000gn/T/nvim.tsv/4rVZRh/nvim.23086.0
WRN 2026-04-30T05:36:49.509 ?.23087    server_start:197: Failed to start server: operation not permitted: /var/folders/hn/49_cwftd6730x1zt1d0pwhcr0000gn/T/nvim.tsv/hOqNiM/nvim.23087.0
WRN 2026-04-30T05:37:08.729 ?.23094    server_start:197: Failed to start server: operation not permitted: /var/folders/hn/49_cwftd6730x1zt1d0pwhcr0000gn/T/nvim.tsv/aMXVRx/nvim.23094.0
WRN 2026-04-30T05:37:08.729 ?.23095    server_start:197: Failed to start server: operation not permitted: /var/folders/hn/49_cwftd6730x1zt1d0pwhcr0000gn/T/nvim.tsv/SxIseu/nvim.23095.0
WRN 2026-04-30T05:37:35.820 ?.23102    server_start:197: Failed to start server: operation not permitted: /var/folders/hn/49_cwftd6730x1zt1d0pwhcr0000gn/T/nvim.tsv/BQppmd/nvim.23102.0
WRN 2026-04-30T05:40:00.277 ?.23123    server_start:197: Failed to start server: operation not permitted: /var/folders/hn/49_cwftd6730x1zt1d0pwhcr0000gn/T/nvim.tsv/9j3unU/nvim.23123.0
WRN 2026-04-30T05:40:22.911 ?.23153    server_start:197: Failed to start server: operation not permitted: /var/folders/hn/49_cwftd6730x1zt1d0pwhcr0000gn/T/nvim.tsv/cSbiY0/nvim.23153.0
WRN 2026-04-30T05:41:28.543 ?.23524    server_start:197: Failed to start server: operation not permitted: /var/folders/hn/49_cwftd6730x1zt1d0pwhcr0000gn/T/nvim.tsv/Oz7qGR/nvim.23524.0
WRN 2026-04-30T05:41:35.695 ?.23525    server_start:197: Failed to start server: operation not permitted: /var/folders/hn/49_cwftd6730x1zt1d0pwhcr0000gn/T/nvim.tsv/L2C1LB/nvim.23525.0
WRN 2026-04-30T05:41:43.491 ?.23529    server_start:197: Failed to start server: operation not permitted: /var/folders/hn/49_cwftd6730x1zt1d0pwhcr0000gn/T/nvim.tsv/Il8iXb/nvim.23529.0
WRN 2026-04-30T05:41:43.491 ?.23530    server_start:197: Failed to start server: operation not permitted: /var/folders/hn/49_cwftd6730x1zt1d0pwhcr0000gn/T/nvim.tsv/vOyixQ/nvim.23530.0
WRN 2026-04-30T05:42:00.889 ?.23535    server_start:197: Failed to start server: operation not permitted: /var/folders/hn/49_cwftd6730x1zt1d0pwhcr0000gn/T/nvim.tsv/3fhkgS/nvim.23535.0
WRN 2026-04-30T05:43:26.806 ?.23896    server_start:197: Failed to start server: operation not permitted: /var/folders/hn/49_cwftd6730x1zt1d0pwhcr0000gn/T/nvim.tsv/dxHG54/nvim.23896.0
WRN 2026-04-30T05:43:26.806 ?.23897    server_start:197: Failed to start server: operation not permitted: /var/folders/hn/49_cwftd6730x1zt1d0pwhcr0000gn/T/nvim.tsv/Z8uUC5/nvim.23897.0
WRN 2026-04-30T05:43:43.392 ?.23899    server_start:197: Failed to start server: operation not permitted: /var/folders/hn/49_cwftd6730x1zt1d0pwhcr0000gn/T/nvim.tsv/Z2bDHy/nvim.23899.0
WRN 2026-04-30T05:43:43.392 ?.23900    server_start:197: Failed to start server: operation not permitted: /var/folders/hn/49_cwftd6730x1zt1d0pwhcr0000gn/T/nvim.tsv/KxIJvM/nvim.23900.0
WRN 2026-04-30T05:43:43.443 ?.23901    server_start:197: Failed to start server: operation not permitted: /var/folders/hn/49_cwftd6730x1zt1d0pwhcr0000gn/T/nvim.tsv/4DyLHN/nvim.23901.0
WRN 2026-04-30T05:46:20.275 ?.24330    server_start:197: Failed to start server: operation not permitted: /var/folders/hn/49_cwftd6730x1zt1d0pwhcr0000gn/T/nvim.tsv/ox9HYa/nvim.24330.0
WRN 2026-04-30T05:46:34.656 ?.24335    server_start:197: Failed to start server: operation not permitted: /var/folders/hn/49_cwftd6730x1zt1d0pwhcr0000gn/T/nvim.tsv/c8pGKf/nvim.24335.0
WRN 2026-04-30T05:46:48.649 ?.24384    server_start:197: Failed to start server: operation not permitted: /var/folders/hn/49_cwftd6730x1zt1d0pwhcr0000gn/T/nvim.tsv/z8Tz6P/nvim.24384.0
WRN 2026-04-30T05:47:50.556 ?.24430    server_start:197: Failed to start server: operation not permitted: /var/folders/hn/49_cwftd6730x1zt1d0pwhcr0000gn/T/nvim.tsv/8iSdx6/nvim.24430.0
WRN 2026-04-30T05:48:07.316 ?.24559    server_start:197: Failed to start server: operation not permitted: /var/folders/hn/49_cwftd6730x1zt1d0pwhcr0000gn/T/nvim.tsv/f6XUB3/nvim.24559.0
WRN 2026-04-30T05:48:07.316 ?.24558    server_start:197: Failed to start server: operation not permitted: /var/folders/hn/49_cwftd6730x1zt1d0pwhcr0000gn/T/nvim.tsv/U4piDO/nvim.24558.0
WRN 2026-04-30T05:48:39.341 ?.24737    server_start:197: Failed to start server: operation not permitted: /var/folders/hn/49_cwftd6730x1zt1d0pwhcr0000gn/T/nvim.tsv/kJygRn/nvim.24737.0
WRN 2026-04-30T05:48:39.344 ?.24738    server_start:197: Failed to start server: operation not permitted: /var/folders/hn/49_cwftd6730x1zt1d0pwhcr0000gn/T/nvim.tsv/hP5B73/nvim.24738.0
WRN 2026-04-30T05:49:11.086 ?.24790    server_start:197: Failed to start server: operation not permitted: /var/folders/hn/49_cwftd6730x1zt1d0pwhcr0000gn/T/nvim.tsv/xtYx1R/nvim.24790.0
WRN 2026-04-30T05:49:11.086 ?.24791    server_start:197: Failed to start server: operation not permitted: /var/folders/hn/49_cwftd6730x1zt1d0pwhcr0000gn/T/nvim.tsv/6rrE1p/nvim.24791.0
WRN 2026-04-30T05:53:50.340 ?.25256    server_start:197: Failed to start server: operation not permitted: /var/folders/hn/49_cwftd6730x1zt1d0pwhcr0000gn/T/nvim.tsv/qFUnjN/nvim.25256.0
WRN 2026-04-30T05:53:50.340 ?.25255    server_start:197: Failed to start server: operation not permitted: /var/folders/hn/49_cwftd6730x1zt1d0pwhcr0000gn/T/nvim.tsv/mUqrny/nvim.25255.0
WRN 2026-04-30T05:54:02.931 ?.25259    server_start:197: Failed to start server: operation not permitted: /var/folders/hn/49_cwftd6730x1zt1d0pwhcr0000gn/T/nvim.tsv/KTt9HO/nvim.25259.0
WRN 2026-04-30T05:54:02.931 ?.25258    server_start:197: Failed to start server: operation not permitted: /var/folders/hn/49_cwftd6730x1zt1d0pwhcr0000gn/T/nvim.tsv/5KqTQz/nvim.25258.0
WRN 2026-04-30T05:54:12.562 ?.25260    server_start:197: Failed to start server: operation not permitted: /var/folders/hn/49_cwftd6730x1zt1d0pwhcr0000gn/T/nvim.tsv/obKMQ2/nvim.25260.0
WRN 2026-04-30T05:54:12.562 ?.25261    server_start:197: Failed to start server: operation not permitted: /var/folders/hn/49_cwftd6730x1zt1d0pwhcr0000gn/T/nvim.tsv/gRGZiK/nvim.25261.0
WRN 2026-04-30T05:54:31.965 ?.25284    server_start:197: Failed to start server: operation not permitted: /var/folders/hn/49_cwftd6730x1zt1d0pwhcr0000gn/T/nvim.tsv/wDVngM/nvim.25284.0
WRN 2026-04-30T05:54:31.965 ?.25283    server_start:197: Failed to start server: operation not permitted: /var/folders/hn/49_cwftd6730x1zt1d0pwhcr0000gn/T/nvim.tsv/ehGiAY/nvim.25283.0
WRN 2026-04-30T05:58:32.604 ?.26358    server_start:197: Failed to start server: operation not permitted: /var/folders/hn/49_cwftd6730x1zt1d0pwhcr0000gn/T/nvim.tsv/X32EO7/nvim.26358.0
WRN 2026-04-30T05:59:50.380 ?.26539    server_start:197: Failed to start server: operation not permitted: /var/folders/hn/49_cwftd6730x1zt1d0pwhcr0000gn/T/nvim.tsv/EzRiHP/nvim.26539.0
WRN 2026-04-30T05:59:50.380 ?.26538    server_start:197: Failed to start server: operation not permitted: /var/folders/hn/49_cwftd6730x1zt1d0pwhcr0000gn/T/nvim.tsv/MTKaXp/nvim.26538.0
WRN 2026-04-30T05:59:50.427 ?.26542    server_start:197: Failed to start server: operation not permitted: /var/folders/hn/49_cwftd6730x1zt1d0pwhcr0000gn/T/nvim.tsv/mElZbp/nvim.26542.0
WRN 2026-04-30T06:00:05.158 ?.26564    server_start:197: Failed to start server: operation not permitted: /var/folders/hn/49_cwftd6730x1zt1d0pwhcr0000gn/T/nvim.tsv/KxzdKd/nvim.26564.0
WRN 2026-04-30T06:00:20.605 ?.26617    server_start:197: Failed to start server: operation not permitted: /var/folders/hn/49_cwftd6730x1zt1d0pwhcr0000gn/T/nvim.tsv/EC9Y0U/nvim.26617.0
WRN 2026-04-30T06:00:20.607 ?.26616    server_start:197: Failed to start server: operation not permitted: /var/folders/hn/49_cwftd6730x1zt1d0pwhcr0000gn/T/nvim.tsv/8zzBBM/nvim.26616.0
WRN 2026-04-30T06:03:05.538 ?.27663    server_start:197: Failed to start server: operation not permitted: /var/folders/hn/49_cwftd6730x1zt1d0pwhcr0000gn/T/nvim.tsv/YYBidp/nvim.27663.0
WRN 2026-04-30T06:03:05.538 ?.27665    server_start:197: Failed to start server: operation not permitted: /var/folders/hn/49_cwftd6730x1zt1d0pwhcr0000gn/T/nvim.tsv/YYdAcC/nvim.27665.0
WRN 2026-04-30T06:03:29.023 ?.27729    server_start:197: Failed to start server: operation not permitted: /var/folders/hn/49_cwftd6730x1zt1d0pwhcr0000gn/T/nvim.tsv/nWPgqy/nvim.27729.0
WRN 2026-04-30T06:03:55.544 ?.27784    server_start:197: Failed to start server: operation not permitted: /var/folders/hn/49_cwftd6730x1zt1d0pwhcr0000gn/T/nvim.tsv/90W36R/nvim.27784.0
WRN 2026-04-30T06:03:55.544 ?.27783    server_start:197: Failed to start server: operation not permitted: /var/folders/hn/49_cwftd6730x1zt1d0pwhcr0000gn/T/nvim.tsv/qI7PYY/nvim.27783.0
WRN 2026-04-30T06:04:03.596 ?.27878    server_start:197: Failed to start server: operation not permitted: /var/folders/hn/49_cwftd6730x1zt1d0pwhcr0000gn/T/nvim.tsv/lftCkJ/nvim.27878.0
WRN 2026-04-30T06:06:24.000 ?.28448    server_start:197: Failed to start server: operation not permitted: /var/folders/hn/49_cwftd6730x1zt1d0pwhcr0000gn/T/nvim.tsv/MAg5Kr/nvim.28448.0
WRN 2026-04-30T06:07:00.310 ?.28591    server_start:197: Failed to start server: operation not permitted: /var/folders/hn/49_cwftd6730x1zt1d0pwhcr0000gn/T/nvim.tsv/JCyfqi/nvim.28591.0
WRN 2026-04-30T06:07:00.355 ?.28595    server_start:197: Failed to start server: operation not permitted: /var/folders/hn/49_cwftd6730x1zt1d0pwhcr0000gn/T/nvim.tsv/ooVnHi/nvim.28595.0
WRN 2026-04-30T06:07:10.994 ?.28660    server_start:197: Failed to start server: operation not permitted: /var/folders/hn/49_cwftd6730x1zt1d0pwhcr0000gn/T/nvim.tsv/wJF6JD/nvim.28660.0
WRN 2026-04-30T06:07:10.995 ?.28659    server_start:197: Failed to start server: operation not permitted: /var/folders/hn/49_cwftd6730x1zt1d0pwhcr0000gn/T/nvim.tsv/BQD2d0/nvim.28659.0
WRN 2026-04-30T06:07:28.248 ?.28669    server_start:197: Failed to start server: operation not permitted: /var/folders/hn/49_cwftd6730x1zt1d0pwhcr0000gn/T/nvim.tsv/V5gI2B/nvim.28669.0
WRN 2026-04-30T06:07:28.249 ?.28668    server_start:197: Failed to start server: operation not permitted: /var/folders/hn/49_cwftd6730x1zt1d0pwhcr0000gn/T/nvim.tsv/MOD8Q6/nvim.28668.0
WRN 2026-04-30T06:09:30.781 ?.29874    server_start:197: Failed to start server: operation not permitted: /var/folders/hn/49_cwftd6730x1zt1d0pwhcr0000gn/T/nvim.tsv/1jR6Cw/nvim.29874.0
WRN 2026-04-30T06:09:41.959 ?.29876    server_start:197: Failed to start server: operation not permitted: /var/folders/hn/49_cwftd6730x1zt1d0pwhcr0000gn/T/nvim.tsv/Ku07Fm/nvim.29876.0
WRN 2026-04-30T06:09:41.959 ?.29877    server_start:197: Failed to start server: operation not permitted: /var/folders/hn/49_cwftd6730x1zt1d0pwhcr0000gn/T/nvim.tsv/4cQhBl/nvim.29877.0
WRN 2026-04-30T06:10:09.993 ?.29881    server_start:197: Failed to start server: operation not permitted: /var/folders/hn/49_cwftd6730x1zt1d0pwhcr0000gn/T/nvim.tsv/D8vQ4j/nvim.29881.0
WRN 2026-04-30T06:10:10.020 ?.29882    server_start:197: Failed to start server: operation not permitted: /var/folders/hn/49_cwftd6730x1zt1d0pwhcr0000gn/T/nvim.tsv/NUUpyL/nvim.29882.0
WRN 2026-04-30T06:10:10.022 ?.29883    server_start:197: Failed to start server: operation not permitted: /var/folders/hn/49_cwftd6730x1zt1d0pwhcr0000gn/T/nvim.tsv/hkrugR/nvim.29883.0
WRN 2026-04-30T06:10:20.953 ?.29930    server_start:197: Failed to start server: operation not permitted: /var/folders/hn/49_cwftd6730x1zt1d0pwhcr0000gn/T/nvim.tsv/2nsA5H/nvim.29930.0
WRN 2026-04-30T06:12:36.652 ?.30468    server_start:197: Failed to start server: operation not permitted: /var/folders/hn/49_cwftd6730x1zt1d0pwhcr0000gn/T/nvim.tsv/MYrjPR/nvim.30468.0
WRN 2026-04-30T06:12:36.652 ?.30469    server_start:197: Failed to start server: operation not permitted: /var/folders/hn/49_cwftd6730x1zt1d0pwhcr0000gn/T/nvim.tsv/2igiCB/nvim.30469.0
WRN 2026-04-30T06:14:52.650 ?.31005    server_start:197: Failed to start server: operation not permitted: /var/folders/hn/49_cwftd6730x1zt1d0pwhcr0000gn/T/nvim.tsv/wsEq9Y/nvim.31005.0
WRN 2026-04-30T06:14:59.297 ?.31006    server_start:197: Failed to start server: operation not permitted: /var/folders/hn/49_cwftd6730x1zt1d0pwhcr0000gn/T/nvim.tsv/1SczfV/nvim.31006.0
WRN 2026-04-30T06:15:34.352 ?.31013    server_start:197: Failed to start server: operation not permitted: /var/folders/hn/49_cwftd6730x1zt1d0pwhcr0000gn/T/nvim.tsv/TA9t6i/nvim.31013.0
WRN 2026-04-30T06:15:42.210 ?.31107    server_start:197: Failed to start server: operation not permitted: /var/folders/hn/49_cwftd6730x1zt1d0pwhcr0000gn/T/nvim.tsv/UpQKU9/nvim.31107.0
WRN 2026-04-30T06:18:11.124 ?.31691    server_start:197: Failed to start server: operation not permitted: /var/folders/hn/49_cwftd6730x1zt1d0pwhcr0000gn/T/nvim.tsv/5ETfTu/nvim.31691.0
WRN 2026-04-30T06:18:21.488 ?.31800    server_start:197: Failed to start server: operation not permitted: /var/folders/hn/49_cwftd6730x1zt1d0pwhcr0000gn/T/nvim.tsv/EHupKW/nvim.31800.0
WRN 2026-04-30T06:19:11.939 ?.32020    server_start:197: Failed to start server: operation not permitted: /var/folders/hn/49_cwftd6730x1zt1d0pwhcr0000gn/T/nvim.tsv/AsklBs/nvim.32020.0
WRN 2026-04-30T06:19:11.943 ?.32022    server_start:197: Failed to start server: operation not permitted: /var/folders/hn/49_cwftd6730x1zt1d0pwhcr0000gn/T/nvim.tsv/iMkCmH/nvim.32022.0
WRN 2026-04-30T06:23:04.179 ?.32992    server_start:197: Failed to start server: operation not permitted: /var/folders/hn/49_cwftd6730x1zt1d0pwhcr0000gn/T/nvim.tsv/f8CqKj/nvim.32992.0
WRN 2026-04-30T06:23:04.179 ?.32993    server_start:197: Failed to start server: operation not permitted: /var/folders/hn/49_cwftd6730x1zt1d0pwhcr0000gn/T/nvim.tsv/JJHZAl/nvim.32993.0
WRN 2026-04-30T06:23:21.970 ?.33184    server_start:197: Failed to start server: operation not permitted: /var/folders/hn/49_cwftd6730x1zt1d0pwhcr0000gn/T/nvim.tsv/W4W6He/nvim.33184.0
WRN 2026-04-30T06:24:55.489 ?.34135    server_start:197: Failed to start server: operation not permitted: /var/folders/hn/49_cwftd6730x1zt1d0pwhcr0000gn/T/nvim.tsv/Sm6rlO/nvim.34135.0
WRN 2026-04-30T06:24:55.489 ?.34133    server_start:197: Failed to start server: operation not permitted: /var/folders/hn/49_cwftd6730x1zt1d0pwhcr0000gn/T/nvim.tsv/lzwWZz/nvim.34133.0
WRN 2026-04-30T06:26:02.467 ?.34495    server_start:197: Failed to start server: operation not permitted: /var/folders/hn/49_cwftd6730x1zt1d0pwhcr0000gn/T/nvim.tsv/srzHFP/nvim.34495.0
WRN 2026-04-30T06:26:02.467 ?.34496    server_start:197: Failed to start server: operation not permitted: /var/folders/hn/49_cwftd6730x1zt1d0pwhcr0000gn/T/nvim.tsv/8A23WQ/nvim.34496.0
WRN 2026-04-30T06:28:08.530 ?.34983    server_start:197: Failed to start server: operation not permitted: /var/folders/hn/49_cwftd6730x1zt1d0pwhcr0000gn/T/nvim.tsv/BsqvYL/nvim.34983.0
WRN 2026-04-30T06:28:08.530 ?.34984    server_start:197: Failed to start server: operation not permitted: /var/folders/hn/49_cwftd6730x1zt1d0pwhcr0000gn/T/nvim.tsv/vwYMFn/nvim.34984.0
WRN 2026-04-30T06:32:08.453 ?.36208    server_start:197: Failed to start server: operation not permitted: /var/folders/hn/49_cwftd6730x1zt1d0pwhcr0000gn/T/nvim.tsv/HNxwTX/nvim.36208.0
WRN 2026-04-30T06:32:08.453 ?.36209    server_start:197: Failed to start server: operation not permitted: /var/folders/hn/49_cwftd6730x1zt1d0pwhcr0000gn/T/nvim.tsv/FEb8mN/nvim.36209.0
WRN 2026-04-30T06:32:08.453 ?.36207    server_start:197: Failed to start server: operation not permitted: /var/folders/hn/49_cwftd6730x1zt1d0pwhcr0000gn/T/nvim.tsv/AYOlA2/nvim.36207.0
WRN 2026-04-30T06:35:14.021 ?.36586    server_start:197: Failed to start server: operation not permitted: /var/folders/hn/49_cwftd6730x1zt1d0pwhcr0000gn/T/nvim.tsv/7OvQm9/nvim.36586.0
WRN 2026-04-30T06:35:14.021 ?.36587    server_start:197: Failed to start server: operation not permitted: /var/folders/hn/49_cwftd6730x1zt1d0pwhcr0000gn/T/nvim.tsv/SQSirP/nvim.36587.0
WRN 2026-04-30T06:35:14.069 ?.36620    server_start:197: Failed to start server: operation not permitted: /var/folders/hn/49_cwftd6730x1zt1d0pwhcr0000gn/T/nvim.tsv/eKpVga/nvim.36620.0
WRN 2026-04-30T06:37:46.390 ?.36696    server_start:197: Failed to start server: operation not permitted: /var/folders/hn/49_cwftd6730x1zt1d0pwhcr0000gn/T/nvim.tsv/rJ0Ic5/nvim.36696.0
WRN 2026-04-30T06:37:46.410 ?.36698    server_start:197: Failed to start server: operation not permitted: /var/folders/hn/49_cwftd6730x1zt1d0pwhcr0000gn/T/nvim.tsv/4fQrxL/nvim.36698.0
WRN 2026-04-30T06:39:30.019 ?.36708    server_start:197: Failed to start server: operation not permitted: /var/folders/hn/49_cwftd6730x1zt1d0pwhcr0000gn/T/nvim.tsv/eCr5it/nvim.36708.0
WRN 2026-04-30T06:39:30.019 ?.36710    server_start:197: Failed to start server: operation not permitted: /var/folders/hn/49_cwftd6730x1zt1d0pwhcr0000gn/T/nvim.tsv/7zX8ad/nvim.36710.0
WRN 2026-04-30T06:41:26.758 ?.37563    server_start:197: Failed to start server: operation not permitted: /var/folders/hn/49_cwftd6730x1zt1d0pwhcr0000gn/T/nvim.tsv/4xvSgR/nvim.37563.0
WRN 2026-04-30T06:41:26.759 ?.37564    server_start:197: Failed to start server: operation not permitted: /var/folders/hn/49_cwftd6730x1zt1d0pwhcr0000gn/T/nvim.tsv/eEGxX2/nvim.37564.0
WRN 2026-04-30T06:41:26.760 ?.37565    server_start:197: Failed to start server: operation not permitted: /var/folders/hn/49_cwftd6730x1zt1d0pwhcr0000gn/T/nvim.tsv/BhufIE/nvim.37565.0
WRN 2026-04-30T06:41:49.475 ?.37630    server_start:197: Failed to start server: operation not permitted: /var/folders/hn/49_cwftd6730x1zt1d0pwhcr0000gn/T/nvim.tsv/VgwOSb/nvim.37630.0
WRN 2026-04-30T06:42:36.903 ?.37708    server_start:197: Failed to start server: operation not permitted: /var/folders/hn/49_cwftd6730x1zt1d0pwhcr0000gn/T/nvim.tsv/xSNxUN/nvim.37708.0
WRN 2026-04-30T06:42:36.907 ?.37709    server_start:197: Failed to start server: operation not permitted: /var/folders/hn/49_cwftd6730x1zt1d0pwhcr0000gn/T/nvim.tsv/8cyTUw/nvim.37709.0
WRN 2026-04-30T06:54:28.527 ?.39564    server_start:197: Failed to start server: operation not permitted: /var/folders/hn/49_cwftd6730x1zt1d0pwhcr0000gn/T/nvim.tsv/kF5X47/nvim.39564.0
WRN 2026-04-30T06:54:28.541 ?.39565    server_start:197: Failed to start server: operation not permitted: /var/folders/hn/49_cwftd6730x1zt1d0pwhcr0000gn/T/nvim.tsv/FtnUGF/nvim.39565.0
WRN 2026-04-30T06:56:46.305 ?.40400    server_start:197: Failed to start server: operation not permitted: /var/folders/hn/49_cwftd6730x1zt1d0pwhcr0000gn/T/nvim.tsv/q6IlPd/nvim.40400.0
WRN 2026-04-30T06:56:46.366 ?.40401    server_start:197: Failed to start server: operation not permitted: /var/folders/hn/49_cwftd6730x1zt1d0pwhcr0000gn/T/nvim.tsv/MlkcaT/nvim.40401.0
WRN 2026-04-30T06:58:35.918 ?.40902    server_start:197: Failed to start server: operation not permitted: /var/folders/hn/49_cwftd6730x1zt1d0pwhcr0000gn/T/nvim.tsv/Ry1vxh/nvim.40902.0
WRN 2026-04-30T06:58:39.389 ?.40907    server_start:197: Failed to start server: operation not permitted: /var/folders/hn/49_cwftd6730x1zt1d0pwhcr0000gn/T/nvim.tsv/inYYjf/nvim.40907.0
WRN 2026-04-30T06:59:13.023 ?.40936    server_start:197: Failed to start server: operation not permitted: /var/folders/hn/49_cwftd6730x1zt1d0pwhcr0000gn/T/nvim.tsv/FOAZxt/nvim.40936.0
WRN 2026-04-30T06:59:13.023 ?.40935    server_start:197: Failed to start server: operation not permitted: /var/folders/hn/49_cwftd6730x1zt1d0pwhcr0000gn/T/nvim.tsv/ePXGlH/nvim.40935.0
WRN 2026-04-30T07:02:31.793 ?.41726    server_start:197: Failed to start server: operation not permitted: /var/folders/hn/49_cwftd6730x1zt1d0pwhcr0000gn/T/nvim.tsv/uwqqg6/nvim.41726.0
WRN 2026-04-30T07:02:31.793 ?.41725    server_start:197: Failed to start server: operation not permitted: /var/folders/hn/49_cwftd6730x1zt1d0pwhcr0000gn/T/nvim.tsv/b4MoV6/nvim.41725.0
WRN 2026-04-30T07:02:31.793 ?.41727    server_start:197: Failed to start server: operation not permitted: /var/folders/hn/49_cwftd6730x1zt1d0pwhcr0000gn/T/nvim.tsv/VillM5/nvim.41727.0
WRN 2026-04-30T07:02:50.116 ?.41734    server_start:197: Failed to start server: operation not permitted: /var/folders/hn/49_cwftd6730x1zt1d0pwhcr0000gn/T/nvim.tsv/BH9QM1/nvim.41734.0
WRN 2026-04-30T07:02:50.121 ?.41735    server_start:197: Failed to start server: operation not permitted: /var/folders/hn/49_cwftd6730x1zt1d0pwhcr0000gn/T/nvim.tsv/Vls1qg/nvim.41735.0
WRN 2026-04-30T07:04:39.116 ?.41773    server_start:197: Failed to start server: operation not permitted: /var/folders/hn/49_cwftd6730x1zt1d0pwhcr0000gn/T/nvim.tsv/xkIgDP/nvim.41773.0
WRN 2026-04-30T07:04:39.116 ?.41774    server_start:197: Failed to start server: operation not permitted: /var/folders/hn/49_cwftd6730x1zt1d0pwhcr0000gn/T/nvim.tsv/5LE8LD/nvim.41774.0
WRN 2026-04-30T07:04:39.116 ?.41772    server_start:197: Failed to start server: operation not permitted: /var/folders/hn/49_cwftd6730x1zt1d0pwhcr0000gn/T/nvim.tsv/gnxhXK/nvim.41772.0
WRN 2026-04-30T07:07:10.632 ?.41820    server_start:197: Failed to start server: operation not permitted: /var/folders/hn/49_cwftd6730x1zt1d0pwhcr0000gn/T/nvim.tsv/9iRQIH/nvim.41820.0
WRN 2026-04-30T07:07:10.675 ?.41822    server_start:197: Failed to start server: operation not permitted: /var/folders/hn/49_cwftd6730x1zt1d0pwhcr0000gn/T/nvim.tsv/3hS2jG/nvim.41822.0
WRN 2026-04-30T07:07:10.675 ?.41821    server_start:197: Failed to start server: operation not permitted: /var/folders/hn/49_cwftd6730x1zt1d0pwhcr0000gn/T/nvim.tsv/xtCBIq/nvim.41821.0
WRN 2026-04-30T07:07:19.448 ?.41828    server_start:197: Failed to start server: operation not permitted: /var/folders/hn/49_cwftd6730x1zt1d0pwhcr0000gn/T/nvim.tsv/elEnzp/nvim.41828.0
WRN 2026-04-30T07:11:31.638 ?.45245    server_start:197: Failed to start server: operation not permitted: /var/folders/hn/49_cwftd6730x1zt1d0pwhcr0000gn/T/nvim.tsv/TTyql4/nvim.45245.0
WRN 2026-04-30T07:11:31.639 ?.45244    server_start:197: Failed to start server: operation not permitted: /var/folders/hn/49_cwftd6730x1zt1d0pwhcr0000gn/T/nvim.tsv/gPnSI5/nvim.45244.0
WRN 2026-04-30T07:11:31.638 ?.45243    server_start:197: Failed to start server: operation not permitted: /var/folders/hn/49_cwftd6730x1zt1d0pwhcr0000gn/T/nvim.tsv/8ZAQfc/nvim.45243.0
WRN 2026-04-30T07:11:50.132 ?.45342    server_start:197: Failed to start server: operation not permitted: /var/folders/hn/49_cwftd6730x1zt1d0pwhcr0000gn/T/nvim.tsv/DhvXg2/nvim.45342.0
WRN 2026-04-30T07:11:50.132 ?.45343    server_start:197: Failed to start server: operation not permitted: /var/folders/hn/49_cwftd6730x1zt1d0pwhcr0000gn/T/nvim.tsv/Xh1Ce9/nvim.45343.0
WRN 2026-04-30T07:12:14.464 ?.45349    server_start:197: Failed to start server: operation not permitted: /var/folders/hn/49_cwftd6730x1zt1d0pwhcr0000gn/T/nvim.tsv/9BOn5R/nvim.45349.0
WRN 2026-04-30T07:12:14.464 ?.45350    server_start:197: Failed to start server: operation not permitted: /var/folders/hn/49_cwftd6730x1zt1d0pwhcr0000gn/T/nvim.tsv/5DXYcP/nvim.45350.0
WRN 2026-04-30T07:12:14.517 ?.45351    server_start:197: Failed to start server: operation not permitted: /var/folders/hn/49_cwftd6730x1zt1d0pwhcr0000gn/T/nvim.tsv/wMVy15/nvim.45351.0
